<?xml version="1.0" encoding="UTF-8"?>
<!-- Generated by org.testng.reporters.JUnitReportReporter -->
<testsuite hostname="EC2AMAZ-ALHT5UN" failures="0" tests="1" name="com.qa.sample.Runner" time="0.056" errors="0" timestamp="28 Feb 2020 11:09:39 GMT" skipped="0">
  <testcase classname="com.qa.sample.Runner" name="test" time="0.056"/>
</testsuite> <!-- com.qa.sample.Runner -->
