<?xml version="1.0" encoding="UTF-8"?>
<!-- Generated by org.testng.reporters.JUnitReportReporter -->
<testsuite hostname="EC2AMAZ-ALHT5UN" failures="0" tests="1" name="com.qa.sample.CucumberTestRunner" time="0.762" errors="0" timestamp="28 Feb 2020 10:28:13 GMT" skipped="0">
  <testcase classname="com.qa.sample.CucumberTestRunner" name="test" time="0.762"/>
</testsuite> <!-- com.qa.sample.CucumberTestRunner -->
